2018-09-22 18:49:21,130 +0300 [main] INFO  (Main.java:14) - Start
2018-09-22 18:49:21,135 +0300 [main] INFO  (Main.java:22) - Do it again!
2018-09-22 18:49:21,135 +0300 [main] INFO  (Main.java:17) - End
2018-09-22 18:54:41,332 +0300 [main] WARN  (Log4jExample.java:20) - My Warn Log
2018-09-22 18:54:41,337 +0300 [main] ERROR (Log4jExample.java:21) - My error log
2018-09-22 18:54:41,338 +0300 [main] FATAL (Log4jExample.java:22) - My fatal log
2018-09-22 18:57:19,631 +0300 [main] WARN  (Log4jExample.java:20) - My Warn Log
2018-09-22 18:57:19,638 +0300 [main] ERROR (Log4jExample.java:21) - My error log
2018-09-22 18:57:19,639 +0300 [main] FATAL (Log4jExample.java:22) - My fatal log
2018-09-22 18:58:01,456 +0300 [main] WARN  (Log4jExample.java:20) - My Warn Log
2018-09-22 18:58:01,460 +0300 [main] ERROR (Log4jExample.java:21) - My error log
2018-09-22 18:58:01,461 +0300 [main] FATAL (Log4jExample.java:22) - My fatal log
2018-09-22 19:00:39,122 +0300 [main] WARN  (Log4jExample.java:20) - My Warn Log
2018-09-22 19:00:39,127 +0300 [main] ERROR (Log4jExample.java:21) - My error log
2018-09-22 19:00:39,127 +0300 [main] FATAL (Log4jExample.java:22) - My fatal log
2018-09-22 19:01:00,061 +0300 [main] WARN  (Log4jExample.java:20) - My Warn Log
2018-09-22 19:01:00,064 +0300 [main] ERROR (Log4jExample.java:21) - My error log
2018-09-22 19:01:00,064 +0300 [main] FATAL (Log4jExample.java:22) - My fatal log
2018-09-22 19:01:51,107 +0300 [main] WARN  (Log4jExample.java:20) - My Warn Log
2018-09-22 19:01:51,112 +0300 [main] ERROR (Log4jExample.java:21) - My error log
2018-09-22 19:01:51,112 +0300 [main] FATAL (Log4jExample.java:22) - My fatal log
2018-09-22 19:03:00,369 +0300 [main] WARN  (Log4jExample.java:20) - My Warn Log
2018-09-22 19:03:00,373 +0300 [main] ERROR (Log4jExample.java:21) - My error log
2018-09-22 19:03:00,373 +0300 [main] FATAL (Log4jExample.java:22) - My fatal log
2018-09-22 19:03:41,812 +0300 [main] WARN  (Log4jExample.java:20) - My Warn Log
2018-09-22 19:03:41,818 +0300 [main] ERROR (Log4jExample.java:21) - My error log
2018-09-22 19:03:41,818 +0300 [main] FATAL (Log4jExample.java:22) - My fatal log
2018-09-22 19:05:03,145 +0300 [main] WARN  (Log4jExample.java:20) - My Warn Log
2018-09-22 19:05:03,149 +0300 [main] ERROR (Log4jExample.java:21) - My error log
2018-09-22 19:05:03,149 +0300 [main] FATAL (Log4jExample.java:22) - My fatal log
2018-09-22 19:11:59,769 +0300 [main] WARN  (Log4jExample.java:20) - My Warn Log
2018-09-22 19:11:59,774 +0300 [main] ERROR (Log4jExample.java:21) - My error log
2018-09-22 19:11:59,774 +0300 [main] FATAL (Log4jExample.java:22) - My fatal log
2018-09-22 19:14:04,909 +0300 [main] WARN  (Log4jExample.java:20) - My Warn Log
2018-09-22 19:14:04,913 +0300 [main] ERROR (Log4jExample.java:21) - My error log
2018-09-22 19:14:04,913 +0300 [main] FATAL (Log4jExample.java:22) - My fatal log
2018-09-22 19:15:30,437 +0300 [main] WARN  (Log4jExample.java:20) - My Warn Log
2018-09-22 19:15:30,443 +0300 [main] ERROR (Log4jExample.java:21) - My error log
2018-09-22 19:15:30,444 +0300 [main] FATAL (Log4jExample.java:22) - My fatal log
2018-09-22 19:18:13,234 +0300 [main] WARN  (Log4jExample.java:20) - My Warn Log
2018-09-22 19:18:13,240 +0300 [main] ERROR (Log4jExample.java:21) - My error log
2018-09-22 19:18:13,241 +0300 [main] FATAL (Log4jExample.java:22) - My fatal log
2018-09-22 19:18:28,018 +0300 [main] WARN  (Log4jExample.java:20) - My Warn Log
2018-09-22 19:18:28,025 +0300 [main] ERROR (Log4jExample.java:21) - My error log
2018-09-22 19:18:28,025 +0300 [main] FATAL (Log4jExample.java:22) - My fatal log
